<?xml version="1.0" encoding="UTF-8"?>
<testsuite xmlns:xsi="http://www.w3.org/2001/XMLSchema-instance" xsi:noNamespaceSchemaLocation="https://maven.apache.org/surefire/maven-surefire-plugin/xsd/surefire-test-report-3.0.xsd" version="3.0" name="com.nes.IntegrationTest" time="0.087" tests="5" errors="0" skipped="0" failures="0">
  <properties>
[...]
</properties>
  <testcase name="testMemoryMirroring" classname="com.nes.IntegrationTest" time="0.031"/>
  <testcase name="testCartridgeMirroring" classname="com.nes.IntegrationTest" time="0.002"/>
  <testcase name="testArithmeticProgram" classname="com.nes.IntegrationTest" time="0.016"/>
  <testcase name="testBranchingProgram" classname="com.nes.IntegrationTest" time="0.002"/>
  <testcase name="testDummyRomExecution" classname="com.nes.IntegrationTest" time="0.001"/>
</testsuite>